[2019-05-15 20:33:26.614] [renderer1] [error] Inotify limit reached (ENOSPC)
[2019-05-15 20:37:07.284] [renderer1] [error] Unable to move/copy when source path is equal or parent of target path: Error: Unable to move/copy when source path is equal or parent of target path
    at p.<anonymous> (file:///usr/share/code/resources/app/out/vs/workbench/workbench.main.js:3389:964)
    at Generator.next (<anonymous>)
    at file:///usr/share/code/resources/app/out/vs/workbench/workbench.main.js:32:460
    at new Promise (<anonymous>)
    at n (file:///usr/share/code/resources/app/out/vs/workbench/workbench.main.js:32:237)
    at p.doValidateMoveCopy (file:///usr/share/code/resources/app/out/vs/workbench/workbench.main.js:3389:801)
    at p.<anonymous> (file:///usr/share/code/resources/app/out/vs/workbench/workbench.main.js:3388:193)
    at Generator.next (<anonymous>)
    at file:///usr/share/code/resources/app/out/vs/workbench/workbench.main.js:32:460
    at new Promise (<anonymous>)
    at n (file:///usr/share/code/resources/app/out/vs/workbench/workbench.main.js:32:237)
    at p.doMoveCopy (file:///usr/share/code/resources/app/out/vs/workbench/workbench.main.js:3388:118)
    at p.<anonymous> (file:///usr/share/code/resources/app/out/vs/workbench/workbench.main.js:3387:540)
    at Generator.next (<anonymous>)
    at r (file:///usr/share/code/resources/app/out/vs/workbench/workbench.main.js:32:293)
    at process._tickCallback (internal/process/next_tick.js:68:7)
[2019-05-15 21:13:35.520] [renderer1] [error] TypeScript Server Error (3.4.3)
Cannot read property 'emitNode' of undefined
TypeError: Cannot read property 'emitNode' of undefined
    at Object.getCommentRange (tsserver.js:63212:29)
    at emitNodeList (tsserver.js:86312:51)
    at emitList (tsserver.js:86191:13)
    at Object.writeList (tsserver.js:83634:13)
    at tsserver.js:106752:29
    at Object.mapToDisplayParts (tsserver.js:96614:13)
    at itemInfoForParameters (tsserver.js:106749:41)
    at getSignatureHelpItem (tsserver.js:106715:95)
    at tsserver.js:106688:79
    at Array.map (<anonymous>)
    at createSignatureHelpItems (tsserver.js:106688:36)
    at tsserver.js:106360:120
    at Object.runWithCancellationToken (tsserver.js:31444:28)
    at tsserver.js:106360:44
    at Object.firstDefined (tsserver.js:305:26)
    at tsserver.js:106356:27
    at Object.firstDefined (tsserver.js:305:26)
    at createJSSignatureHelpItems (tsserver.js:106355:56)
    at Object.getSignatureHelpItems (tsserver.js:106289:56)
    at Object.getSignatureHelpItems (tsserver.js:121081:37)
    at IOSession.Session.getSignatureHelpItems (tsserver.js:130027:62)
    at Session.handlers.ts.createMapFromTemplate._a.(anonymous function) (tsserver.js:128933:61)
    at tsserver.js:130454:88
    at IOSession.Session.executeWithRequestId (tsserver.js:130445:28)
    at IOSession.Session.executeCommand (tsserver.js:130454:33)
    at IOSession.Session.onMessage (tsserver.js:130476:35)
    at Interface.<anonymous> (tsserver.js:131773:27)
    at Interface.emit (events.js:182:13)
    at Interface._onLine (readline.js:290:10)
    at Interface._normalWrite (readline.js:433:12)
    at Socket.ondata (readline.js:149:10)
    at Socket.emit (events.js:182:13)
    at addChunk (_stream_readable.js:279:12)
    at readableAddChunk (_stream_readable.js:264:11)
    at Socket.Readable.push (_stream_readable.js:219:10)
    at Pipe.onread (net.js:636:20): Error: TypeScript Server Error (3.4.3)
Cannot read property 'emitNode' of undefined
TypeError: Cannot read property 'emitNode' of undefined
    at Object.getCommentRange (tsserver.js:63212:29)
    at emitNodeList (tsserver.js:86312:51)
    at emitList (tsserver.js:86191:13)
    at Object.writeList (tsserver.js:83634:13)
    at tsserver.js:106752:29
    at Object.mapToDisplayParts (tsserver.js:96614:13)
    at itemInfoForParameters (tsserver.js:106749:41)
    at getSignatureHelpItem (tsserver.js:106715:95)
    at tsserver.js:106688:79
    at Array.map (<anonymous>)
    at createSignatureHelpItems (tsserver.js:106688:36)
    at tsserver.js:106360:120
    at Object.runWithCancellationToken (tsserver.js:31444:28)
    at tsserver.js:106360:44
    at Object.firstDefined (tsserver.js:305:26)
    at tsserver.js:106356:27
    at Object.firstDefined (tsserver.js:305:26)
    at createJSSignatureHelpItems (tsserver.js:106355:56)
    at Object.getSignatureHelpItems (tsserver.js:106289:56)
    at Object.getSignatureHelpItems (tsserver.js:121081:37)
    at IOSession.Session.getSignatureHelpItems (tsserver.js:130027:62)
    at Session.handlers.ts.createMapFromTemplate._a.(anonymous function) (tsserver.js:128933:61)
    at tsserver.js:130454:88
    at IOSession.Session.executeWithRequestId (tsserver.js:130445:28)
    at IOSession.Session.executeCommand (tsserver.js:130454:33)
    at IOSession.Session.onMessage (tsserver.js:130476:35)
    at Interface.<anonymous> (tsserver.js:131773:27)
    at Interface.emit (events.js:182:13)
    at Interface._onLine (readline.js:290:10)
    at Interface._normalWrite (readline.js:433:12)
    at Socket.ondata (readline.js:149:10)
    at Socket.emit (events.js:182:13)
    at addChunk (_stream_readable.js:279:12)
    at readableAddChunk (_stream_readable.js:264:11)
    at Socket.Readable.push (_stream_readable.js:219:10)
    at Pipe.onread (net.js:636:20)
	at Function.create (/usr/share/code/resources/app/extensions/typescript-language-features/dist/extension.js:1:174464)
	at v.dispatchResponse (/usr/share/code/resources/app/extensions/typescript-language-features/dist/extension.js:1:179770)
	at v.dispatchMessage (/usr/share/code/resources/app/extensions/typescript-language-features/dist/extension.js:1:178522)
	at constructor._reader.onData.e (/usr/share/code/resources/app/extensions/typescript-language-features/dist/extension.js:1:177878)
	at u.fire (/usr/share/code/resources/app/out/vs/workbench/services/extensions/node/extensionHostProcess.js:44:708)
	at t.Reader.onLengthData (/usr/share/code/resources/app/extensions/typescript-language-features/dist/extension.js:1:183738)
	at Socket.t.Reader.constructor.e.on.e (/usr/share/code/resources/app/extensions/typescript-language-features/dist/extension.js:1:183386)
	at Socket.emit (events.js:182:13)
	at addChunk (_stream_readable.js:279:12)
	at readableAddChunk (_stream_readable.js:264:11)
	at Socket.Readable.push (_stream_readable.js:219:10)
	at Pipe.onread (net.js:636:20)
[2019-05-15 21:13:39.397] [renderer1] [error] TypeScript Server Error (3.4.3)
Cannot read property 'emitNode' of undefined
TypeError: Cannot read property 'emitNode' of undefined
    at Object.getCommentRange (tsserver.js:63212:29)
    at emitNodeList (tsserver.js:86312:51)
    at emitList (tsserver.js:86191:13)
    at Object.writeList (tsserver.js:83634:13)
    at tsserver.js:106752:29
    at Object.mapToDisplayParts (tsserver.js:96614:13)
    at itemInfoForParameters (tsserver.js:106749:41)
    at getSignatureHelpItem (tsserver.js:106715:95)
    at tsserver.js:106688:79
    at Array.map (<anonymous>)
    at createSignatureHelpItems (tsserver.js:106688:36)
    at tsserver.js:106360:120
    at Object.runWithCancellationToken (tsserver.js:31444:28)
    at tsserver.js:106360:44
    at Object.firstDefined (tsserver.js:305:26)
    at tsserver.js:106356:27
    at Object.firstDefined (tsserver.js:305:26)
    at createJSSignatureHelpItems (tsserver.js:106355:56)
    at Object.getSignatureHelpItems (tsserver.js:106289:56)
    at Object.getSignatureHelpItems (tsserver.js:121081:37)
    at IOSession.Session.getSignatureHelpItems (tsserver.js:130027:62)
    at Session.handlers.ts.createMapFromTemplate._a.(anonymous function) (tsserver.js:128933:61)
    at tsserver.js:130454:88
    at IOSession.Session.executeWithRequestId (tsserver.js:130445:28)
    at IOSession.Session.executeCommand (tsserver.js:130454:33)
    at IOSession.Session.onMessage (tsserver.js:130476:35)
    at Interface.<anonymous> (tsserver.js:131773:27)
    at Interface.emit (events.js:182:13)
    at Interface._onLine (readline.js:290:10)
    at Interface._normalWrite (readline.js:433:12)
    at Socket.ondata (readline.js:149:10)
    at Socket.emit (events.js:182:13)
    at addChunk (_stream_readable.js:279:12)
    at readableAddChunk (_stream_readable.js:264:11)
    at Socket.Readable.push (_stream_readable.js:219:10)
    at Pipe.onread (net.js:636:20): Error: TypeScript Server Error (3.4.3)
Cannot read property 'emitNode' of undefined
TypeError: Cannot read property 'emitNode' of undefined
    at Object.getCommentRange (tsserver.js:63212:29)
    at emitNodeList (tsserver.js:86312:51)
    at emitList (tsserver.js:86191:13)
    at Object.writeList (tsserver.js:83634:13)
    at tsserver.js:106752:29
    at Object.mapToDisplayParts (tsserver.js:96614:13)
    at itemInfoForParameters (tsserver.js:106749:41)
    at getSignatureHelpItem (tsserver.js:106715:95)
    at tsserver.js:106688:79
    at Array.map (<anonymous>)
    at createSignatureHelpItems (tsserver.js:106688:36)
    at tsserver.js:106360:120
    at Object.runWithCancellationToken (tsserver.js:31444:28)
    at tsserver.js:106360:44
    at Object.firstDefined (tsserver.js:305:26)
    at tsserver.js:106356:27
    at Object.firstDefined (tsserver.js:305:26)
    at createJSSignatureHelpItems (tsserver.js:106355:56)
    at Object.getSignatureHelpItems (tsserver.js:106289:56)
    at Object.getSignatureHelpItems (tsserver.js:121081:37)
    at IOSession.Session.getSignatureHelpItems (tsserver.js:130027:62)
    at Session.handlers.ts.createMapFromTemplate._a.(anonymous function) (tsserver.js:128933:61)
    at tsserver.js:130454:88
    at IOSession.Session.executeWithRequestId (tsserver.js:130445:28)
    at IOSession.Session.executeCommand (tsserver.js:130454:33)
    at IOSession.Session.onMessage (tsserver.js:130476:35)
    at Interface.<anonymous> (tsserver.js:131773:27)
    at Interface.emit (events.js:182:13)
    at Interface._onLine (readline.js:290:10)
    at Interface._normalWrite (readline.js:433:12)
    at Socket.ondata (readline.js:149:10)
    at Socket.emit (events.js:182:13)
    at addChunk (_stream_readable.js:279:12)
    at readableAddChunk (_stream_readable.js:264:11)
    at Socket.Readable.push (_stream_readable.js:219:10)
    at Pipe.onread (net.js:636:20)
	at Function.create (/usr/share/code/resources/app/extensions/typescript-language-features/dist/extension.js:1:174464)
	at v.dispatchResponse (/usr/share/code/resources/app/extensions/typescript-language-features/dist/extension.js:1:179770)
	at v.dispatchMessage (/usr/share/code/resources/app/extensions/typescript-language-features/dist/extension.js:1:178522)
	at constructor._reader.onData.e (/usr/share/code/resources/app/extensions/typescript-language-features/dist/extension.js:1:177878)
	at u.fire (/usr/share/code/resources/app/out/vs/workbench/services/extensions/node/extensionHostProcess.js:44:708)
	at t.Reader.onLengthData (/usr/share/code/resources/app/extensions/typescript-language-features/dist/extension.js:1:183738)
	at Socket.t.Reader.constructor.e.on.e (/usr/share/code/resources/app/extensions/typescript-language-features/dist/extension.js:1:183386)
	at Socket.emit (events.js:182:13)
	at addChunk (_stream_readable.js:279:12)
	at readableAddChunk (_stream_readable.js:264:11)
	at Socket.Readable.push (_stream_readable.js:219:10)
	at Pipe.onread (net.js:636:20)
