Looking for git in: git
Using git 2.17.1 from git
> git rev-parse --show-toplevel
> git config --get commit.template
Open repository: /var/www/vuejs-jwt-laravel
> git status -z -u
> git symbolic-ref --short HEAD
> git rev-parse master
> git rev-parse --symbolic-full-name master@{u}
> git rev-list --left-right master...refs/remotes/origin/master
> git for-each-ref --format %(refname) %(objectname) --sort -committerdate
> git remote --verbose
> git show :app/Http/Controllers/AuthController.php
> git check-ignore -z --stdin
> git check-ignore -z --stdin
> git check-ignore -z --stdin
> git show :app/Http/Middleware/JwtMiddleware.php
> git ls-files --stage -- app/Http/Middleware/
> git show :app/Http/Kernel.php
> git show :app/Http/Controllers/AuthController.php
> git show :app/Http/Middleware/JwtMiddleware.php
> git ls-files --stage -- app/Http/Middleware/
> git show :routes/api.php
> git check-ignore -z --stdin
> git show :config/auth.php
> git check-ignore -z --stdin
> git show :app/Http/Controllers/CustomersController.php
> git ls-files --stage -- app/Http/Controllers/
> git show :app/Http/Kernel.php
> git show :app/Http/Middleware/JwtMiddleware.php
> git ls-files --stage -- app/Http/Middleware/
> git show :app/Http/Controllers/CustomersController.php
> git ls-files --stage -- app/Http/Controllers/
> git show :app/Http/Controllers/AuthController.php
> git show :routes/api.php
> git show :config/auth.php
> git show :app/Http/Controllers/CustomersController.php
> git ls-files --stage -- app/Http/Controllers/
> git show :routes/api.php
> git show :config/auth.php
> git show :app/Http/Controllers/CustomersController.php
> git ls-files --stage -- app/Http/Controllers/
> git show :routes/api.php
> git show :app/Http/Kernel.php
> git show :app/Http/Middleware/JwtMiddleware.php
> git ls-files --stage -- app/Http/Middleware/
> git show :app/Http/Kernel.php
> git show :routes/api.php
> git check-ignore -z --stdin
> git show :app/Http/Controllers/CustomersController.php
> git ls-files --stage -- app/Http/Controllers/
> git show :config/auth.php
> git check-ignore -z --stdin
> git show :app/Http/Controllers/CustomersController.php
> git ls-files --stage -- app/Http/Controllers/
> git check-ignore -z --stdin
> git show :routes/api.php
> git show :app/Http/Controllers/CustomersController.php
> git ls-files --stage -- app/Http/Controllers/
> git check-ignore -z --stdin
> git show :app/Http/Controllers/AuthController.php
> git show :resources/js/store.js
> git check-ignore -z --stdin
> git show :app/Http/Controllers/CustomersController.php
> git ls-files --stage -- app/Http/Controllers/
> git check-ignore -z --stdin
> git check-ignore -z --stdin
> git check-ignore -z --stdin
> git check-ignore -z --stdin
> git show :routes/api.php
> git show :app/Http/Controllers/CustomersController.php
> git ls-files --stage -- app/Http/Controllers/
> git show :routes/api.php
> git show :app/Http/Controllers/AuthController.php
> git show :routes/api.php
> git show :resources/js/components/customers/List.vue
> git ls-files --stage -- resources/js/components/customers/
