Looking for git in: git
Using git 2.17.1 from git
> git rev-parse --show-toplevel
> git config --get commit.template
Open repository: /var/www/vuejs-jwt-laravel
> git status -z -u
> git symbolic-ref --short HEAD
> git rev-parse master
> git rev-parse --symbolic-full-name master@{u}
> git rev-list --left-right master...refs/remotes/origin/master
> git for-each-ref --format %(refname) %(objectname) --sort -committerdate
> git remote --verbose
> git check-ignore -z --stdin
> git show :resources/js/components/customers/List.vue
> git ls-files --stage -- resources/js/components/customers/
> git check-ignore -z --stdin
> git check-ignore -z --stdin
> git check-ignore -z --stdin
> git show :database/factories/UserFactory.php
> git show :resources/js/components/customers/List.vue
> git ls-files --stage -- resources/js/components/customers/
> git show :database/factories/UserFactory.php
> git show :resources/js/components/customers/List.vue
> git ls-files --stage -- resources/js/components/customers/
> git show :resources/js/routes.js
> git check-ignore -z --stdin
> git show :resources/js/components/customers/List.vue
> git ls-files --stage -- resources/js/components/customers/
> git check-ignore -z --stdin
> git show :resources/js/store.js
