[2019-05-14 20:08:31.006] [sharedprocess] [info] main {"machineId":"afc5ce7dad504a4107ee7a08e50681437105fc8b948a252278ca65ef15607503"}
[2019-05-14 20:08:31.311] [sharedprocess] [info] Scanned user extensions: 4
[2019-05-14 20:08:31.442] [sharedprocess] [info] Scanned user extensions: 4
[2019-05-14 20:08:31.515] [sharedprocess] [info] Scanned system extensions: 72
[2019-05-14 20:08:31.560] [sharedprocess] [info] Scanned system extensions: 72
[2019-05-14 20:08:31.874] [sharedprocess] [info] Scanned user extensions: 4
[2019-05-14 20:09:11.020] [sharedprocess] [info] Starting to clean up unused language packs.
[2019-05-14 20:13:31.966] [sharedprocess] [info] Scanned user extensions: 4
[2019-05-14 20:18:31.988] [sharedprocess] [info] Scanned user extensions: 4
[2019-05-14 20:23:32.008] [sharedprocess] [info] Scanned user extensions: 4
[2019-05-14 20:28:32.028] [sharedprocess] [info] Scanned user extensions: 4
[2019-05-14 20:33:32.101] [sharedprocess] [info] Scanned user extensions: 4
[2019-05-14 20:35:54.054] [sharedprocess] [info] Scanned user extensions: 4
[2019-05-14 20:35:54.149] [sharedprocess] [info] Scanned system extensions: 72
[2019-05-14 20:38:28.376] [sharedprocess] [info] Scanned user extensions: 4
[2019-05-14 20:38:28.378] [sharedprocess] [info] Scanned user extensions: 4
[2019-05-14 20:38:28.382] [sharedprocess] [info] Scanned user extensions: 4
[2019-05-14 20:38:28.387] [sharedprocess] [info] Scanned user extensions: 4
[2019-05-14 20:38:28.491] [sharedprocess] [info] Scanned system extensions: 72
[2019-05-14 20:38:28.500] [sharedprocess] [info] Scanned system extensions: 72
[2019-05-14 20:38:28.510] [sharedprocess] [info] Scanned system extensions: 72
[2019-05-14 20:38:32.114] [sharedprocess] [info] Scanned user extensions: 4
[2019-05-14 20:38:35.093] [sharedprocess] [info] Installing extension: formulahendry.auto-close-tag
[2019-05-14 20:38:35.106] [sharedprocess] [info] Scanned user extensions: 4
[2019-05-14 20:38:35.740] [sharedprocess] [info] Downloaded extension: formulahendry.auto-close-tag /tmp/232d8bdd-d479-4c98-b170-7f1253449feb
[2019-05-14 20:38:35.832] [sharedprocess] [info] Extracted extension to /home/admin123/.vscode/extensions/.formulahendry.auto-close-tag-0.5.6: formulahendry.auto-close-tag
[2019-05-14 20:38:35.833] [sharedprocess] [info] Renamed to /home/admin123/.vscode/extensions/formulahendry.auto-close-tag-0.5.6
[2019-05-14 20:38:35.834] [sharedprocess] [info] Installation completed. formulahendry.auto-close-tag
[2019-05-14 20:38:35.840] [sharedprocess] [info] Extensions installed successfully: formulahendry.auto-close-tag
[2019-05-14 20:38:38.026] [sharedprocess] [info] Installing extension: formulahendry.auto-rename-tag
[2019-05-14 20:38:38.032] [sharedprocess] [info] Scanned user extensions: 5
[2019-05-14 20:38:38.382] [sharedprocess] [info] Downloaded extension: formulahendry.auto-rename-tag /tmp/9e7b6554-6274-49c5-bb32-7c41847096dd
[2019-05-14 20:38:38.453] [sharedprocess] [info] Extracted extension to /home/admin123/.vscode/extensions/.formulahendry.auto-rename-tag-0.0.15: formulahendry.auto-rename-tag
[2019-05-14 20:38:38.453] [sharedprocess] [info] Renamed to /home/admin123/.vscode/extensions/formulahendry.auto-rename-tag-0.0.15
[2019-05-14 20:38:38.454] [sharedprocess] [info] Installation completed. formulahendry.auto-rename-tag
[2019-05-14 20:38:38.460] [sharedprocess] [info] Extensions installed successfully: formulahendry.auto-rename-tag
[2019-05-14 20:43:32.196] [sharedprocess] [info] Scanned user extensions: 6
[2019-05-14 20:48:32.218] [sharedprocess] [info] Scanned user extensions: 6
[2019-05-14 20:53:32.308] [sharedprocess] [info] Scanned user extensions: 6
[2019-05-14 20:58:32.329] [sharedprocess] [info] Scanned user extensions: 6
[2019-05-14 21:03:32.374] [sharedprocess] [info] Scanned user extensions: 6
[2019-05-14 21:08:33.053] [sharedprocess] [info] Scanned user extensions: 6
[2019-05-14 21:13:33.074] [sharedprocess] [info] Scanned user extensions: 6
[2019-05-14 21:18:33.238] [sharedprocess] [info] Scanned user extensions: 6
[2019-05-14 21:23:33.256] [sharedprocess] [info] Scanned user extensions: 6
[2019-05-14 21:28:33.341] [sharedprocess] [info] Scanned user extensions: 6
[2019-05-14 21:33:33.566] [sharedprocess] [info] Scanned user extensions: 6
[2019-05-14 21:38:33.600] [sharedprocess] [info] Scanned user extensions: 6
[2019-05-14 21:43:33.636] [sharedprocess] [info] Scanned user extensions: 6
[2019-05-14 21:48:33.676] [sharedprocess] [info] Scanned user extensions: 6
[2019-05-14 21:53:33.699] [sharedprocess] [info] Scanned user extensions: 6
