[2019-05-15 20:20:24.934] [exthost] [info] extension host started
[2019-05-15 20:20:24.990] [exthost] [info] ExtensionService#_doActivateExtension octref.vetur {"startup":false,"activationEvent":"onLanguage:vue"}
[2019-05-15 20:20:24.990] [exthost] [info] ExtensionService#loadCommonJSModule /home/admin123/.vscode/extensions/octref.vetur-0.20.0/dist/client/vueMain
[2019-05-15 20:20:25.203] [exthost] [info] ExtensionService#_doActivateExtension vscode.debug-auto-launch {"startup":true,"activationEvent":"*"}
[2019-05-15 20:20:25.203] [exthost] [info] ExtensionService#loadCommonJSModule /usr/share/code/resources/app/extensions/debug-auto-launch/dist/extension
[2019-05-15 20:20:25.215] [exthost] [info] ExtensionService#_doActivateExtension vscode.emmet {"startup":true,"activationEvent":"*"}
[2019-05-15 20:20:25.215] [exthost] [info] ExtensionService#loadCommonJSModule /usr/share/code/resources/app/extensions/emmet/dist/extension
[2019-05-15 20:20:25.259] [exthost] [info] ExtensionService#_doActivateExtension vscode.git {"startup":true,"activationEvent":"*"}
[2019-05-15 20:20:25.259] [exthost] [info] ExtensionService#loadCommonJSModule /usr/share/code/resources/app/extensions/git/dist/main
[2019-05-15 20:20:25.497] [exthost] [info] ExtensionService#_doActivateExtension vscode.merge-conflict {"startup":true,"activationEvent":"*"}
[2019-05-15 20:20:25.497] [exthost] [info] ExtensionService#loadCommonJSModule /usr/share/code/resources/app/extensions/merge-conflict/dist/extension
[2019-05-15 20:20:25.516] [exthost] [info] ExtensionService#_doActivateExtension formulahendry.auto-close-tag {"startup":true,"activationEvent":"*"}
[2019-05-15 20:20:25.516] [exthost] [info] ExtensionService#loadCommonJSModule /home/admin123/.vscode/extensions/formulahendry.auto-close-tag-0.5.6/out/src/extension
[2019-05-15 20:20:25.521] [exthost] [info] ExtensionService#_doActivateExtension formulahendry.auto-rename-tag {"startup":true,"activationEvent":"*"}
[2019-05-15 20:20:25.521] [exthost] [info] ExtensionService#loadCommonJSModule /home/admin123/.vscode/extensions/formulahendry.auto-rename-tag-0.0.15/out/src/extension
[2019-05-15 20:20:25.534] [exthost] [info] eager extensions activated
[2019-05-15 20:22:00.520] [exthost] [info] ExtensionService#_doActivateExtension vscode.php-language-features {"startup":false,"activationEvent":"onLanguage:php"}
[2019-05-15 20:22:00.520] [exthost] [info] ExtensionService#loadCommonJSModule /usr/share/code/resources/app/extensions/php-language-features/dist/phpMain
[2019-05-15 20:27:02.109] [exthost] [info] ExtensionService#_doActivateExtension vscode.typescript-language-features {"startup":false,"activationEvent":"onLanguage:javascript"}
[2019-05-15 20:27:02.109] [exthost] [info] ExtensionService#loadCommonJSModule /usr/share/code/resources/app/extensions/typescript-language-features/dist/extension
[2019-05-15 20:27:06.122] [exthost] [info] ExtensionService#_doActivateExtension vscode.extension-editing {"startup":false,"activationEvent":"onLanguage:typescript"}
[2019-05-15 20:27:06.122] [exthost] [info] ExtensionService#loadCommonJSModule /usr/share/code/resources/app/extensions/extension-editing/dist/extension
